Build started 2/21/2012 10:29:42 PM.
     1>Project "C:\Documents and Settings\Owner\Desktop\Programs Created\Andre Projects\2011\fight\fight\fight.vcxproj" on node 2 (build target(s)).
     1>InitializeBuildStatus:
         Touching "Debug\fight.unsuccessfulbuild".
       ClCompile:
         All outputs are up-to-date.
       ManifestResourceCompile:
         All outputs are up-to-date.
       Link:
         C:\Program Files\Microsoft Visual Studio 10.0\VC\bin\link.exe /ERRORREPORT:PROMPT /OUT:"C:\Documents and Settings\Owner\Desktop\Programs Created\Andre Projects\2011\fight\Debug\/fight.exe" /INCREMENTAL /NOLOGO /LIBPATH:"C:\Program Files\The Game Creators\Dark GDK\Lib\VS2010Debug" /LIBPATH:"C:\Program Files\Microsoft DirectX SDK (June 2010)\Lib\x86" /LIBPATH:"C:\Program Files\Microsoft DirectX SDK (August 2007)\Lib\x86" /LIBPATH:"C:\Program Files\The Game Creators\Dark GDK\Lib\VS10Debug" /LIBPATH:"C:\Program Files\Microsoft Visual Studio 10.0\VC\lib" /LIBPATH:"C:\Program Files\Microsoft Visual Studio 10.0\VC\atlmfc\lib" /LIBPATH:"C:\Program Files\Microsoft SDKs\Windows\v7.0A\lib" /LIBPATH:"C:\Program Files\Microsoft SDKs\Windows\v7.0A\\lib" kernel32.lib user32.lib gdi32.lib winspool.lib comdlg32.lib advapi32.lib shell32.lib ole32.lib oleaut32.lib uuid.lib odbc32.lib odbccp32.lib /NODEFAULTLIB:strmbasd.lib /MANIFEST /ManifestFile:"Debug\fight.exe.intermediate.manifest" /MANIFESTUAC:"level='asInvoker' uiAccess='false'" /DEBUG /PDB:"C:\Documents and Settings\Owner\Desktop\Programs Created\Andre Projects\2011\fight\Debug\/fight.pdb" /SUBSYSTEM:WINDOWS /TLBID:1 /DYNAMICBASE /NXCOMPAT /IMPLIB:"C:\Documents and Settings\Owner\Desktop\Programs Created\Andre Projects\2011\fight\Debug\fight.lib" /MACHINE:X86 Debug\fight.exe.embed.manifest.res
         Debug\main.obj
     1>multiplayer.lib(CNetwork.obj) : error LNK2001: unresolved external symbol _CLSID_DirectPlay
     1>multiplayer.lib(CNetwork.obj) : error LNK2001: unresolved external symbol _IID_IDirectPlay4A
     1>multiplayer.lib(CNetwork.obj) : error LNK2001: unresolved external symbol _DPSPGUID_TCPIP
     1>multiplayer.lib(CNetwork.obj) : error LNK2001: unresolved external symbol _DPSPGUID_IPX
     1>multiplayer.lib(CNetwork.obj) : error LNK2001: unresolved external symbol _DPAID_ComPort
     1>multiplayer.lib(CNetwork.obj) : error LNK2001: unresolved external symbol _DPSPGUID_SERIAL
     1>multiplayer.lib(CNetwork.obj) : error LNK2001: unresolved external symbol _DPAID_Phone
     1>multiplayer.lib(CNetwork.obj) : error LNK2001: unresolved external symbol _DPSPGUID_MODEM
     1>multiplayer.lib(CNetwork.obj) : error LNK2001: unresolved external symbol _DPAID_INet
     1>multiplayer.lib(CNetwork.obj) : error LNK2001: unresolved external symbol _DPAID_ServiceProvider
     1>multiplayer.lib(CNetwork.obj) : error LNK2001: unresolved external symbol _IID_IDirectPlayLobby2A
     1>C:\Documents and Settings\Owner\Desktop\Programs Created\Andre Projects\2011\fight\Debug\/fight.exe : fatal error LNK1120: 11 unresolved externals
     1>Done Building Project "C:\Documents and Settings\Owner\Desktop\Programs Created\Andre Projects\2011\fight\fight\fight.vcxproj" (build target(s)) -- FAILED.

Build FAILED.

Time Elapsed 00:00:01.93
